<?xml version="1.0" encoding="UTF-8"?>
<coverage generated="1667638017713" clover="3.2.0">
  <project timestamp="1667638017713" name="All files">
    <metrics statements="7" coveredstatements="7" conditionals="0" coveredconditionals="0" methods="0" coveredmethods="0" elements="7" coveredelements="7" complexity="0" loc="7" ncloc="7" packages="1" files="2" classes="2"/>
    <file name="airport.model.js" path="C:\Users\Acer\OneDrive\Desktop\Development\commerce\flight-management-system\src\models\airport.model.js">
      <metrics statements="5" coveredstatements="5" conditionals="0" coveredconditionals="0" methods="0" coveredmethods="0"/>
      <line num="1" count="1" type="stmt"/>
      <line num="2" count="1" type="stmt"/>
      <line num="14" count="1" type="stmt"/>
      <line num="38" count="1" type="stmt"/>
      <line num="40" count="1" type="stmt"/>
    </file>
    <file name="index.js" path="C:\Users\Acer\OneDrive\Desktop\Development\commerce\flight-management-system\src\models\index.js">
      <metrics statements="2" coveredstatements="2" conditionals="0" coveredconditionals="0" methods="0" coveredmethods="0"/>
      <line num="1" count="1" type="stmt"/>
      <line num="3" count="1" type="stmt"/>
    </file>
  </project>
</coverage>
