TN:
SF:src\controllers\airport.controller.js
FN:5,(anonymous_0)
FN:10,(anonymous_1)
FN:15,(anonymous_2)
FN:20,(anonymous_3)
FN:25,(anonymous_4)
FNF:5
FNH:5
FNDA:1,(anonymous_0)
FNDA:1,(anonymous_1)
FNDA:2,(anonymous_2)
FNDA:1,(anonymous_3)
FNDA:1,(anonymous_4)
DA:1,1
DA:2,1
DA:3,1
DA:5,1
DA:6,1
DA:7,1
DA:10,1
DA:11,1
DA:12,1
DA:15,1
DA:16,2
DA:17,1
DA:20,1
DA:21,1
DA:22,1
DA:25,1
DA:26,1
DA:27,1
DA:30,1
LF:19
LH:19
BRF:0
BRH:0
end_of_record
TN:
SF:src\middlewares\error.js
FN:7,(anonymous_0)
FN:19,(anonymous_1)
FNF:2
FNH:2
FNDA:3,(anonymous_0)
FNDA:3,(anonymous_1)
DA:1,1
DA:2,1
DA:3,1
DA:4,1
DA:5,1
DA:7,1
DA:8,3
DA:9,3
DA:11,1
DA:12,1
DA:13,1
DA:15,3
DA:19,1
DA:20,3
DA:21,3
DA:22,0
DA:23,0
DA:26,3
DA:28,3
DA:34,3
DA:35,0
DA:38,3
DA:41,1
LF:23
LH:20
BRDA:9,0,0,1
BRDA:9,0,1,2
BRDA:11,1,0,1
BRDA:11,1,1,0
BRDA:11,2,0,1
BRDA:11,2,1,1
BRDA:12,3,0,1
BRDA:12,3,1,0
BRDA:21,4,0,0
BRDA:21,4,1,3
BRDA:21,5,0,3
BRDA:21,5,1,0
BRDA:31,6,0,3
BRDA:31,6,1,0
BRDA:34,7,0,0
BRDA:34,7,1,3
BRF:16
BRH:10
end_of_record
TN:
SF:src\middlewares\rateLimiter.js
FNF:0
FNH:0
DA:1,1
DA:3,1
DA:9,1
LF:3
LH:3
BRF:0
BRH:0
end_of_record
TN:
SF:src\middlewares\validate.js
FN:6,(anonymous_0)
FN:6,(anonymous_1)
FN:14,(anonymous_2)
FNF:3
FNH:3
FNDA:4,(anonymous_0)
FNDA:7,(anonymous_1)
FNDA:2,(anonymous_2)
DA:1,1
DA:2,1
DA:3,1
DA:4,1
DA:6,4
DA:7,7
DA:8,7
DA:9,7
DA:13,7
DA:14,2
DA:15,2
DA:17,5
DA:18,5
DA:21,1
LF:14
LH:14
BRDA:13,0,0,2
BRDA:13,0,1,5
BRF:2
BRH:2
end_of_record
TN:
SF:src\models\airport.model.js
FNF:0
FNH:0
DA:1,2
DA:2,2
DA:3,2
DA:15,2
DA:40,2
DA:41,2
DA:43,2
DA:45,2
LF:8
LH:8
BRF:0
BRH:0
end_of_record
TN:
SF:src\models\index.js
FNF:0
FNH:0
DA:1,2
LF:1
LH:1
BRF:0
BRH:0
end_of_record
TN:
SF:src\models\plugins\toJSON.plugin.js
FN:2,(anonymous_0)
FN:10,(anonymous_1)
FN:17,(anonymous_2)
FN:18,(anonymous_3)
FNF:4
FNH:3
FNDA:0,(anonymous_0)
FNDA:2,(anonymous_1)
FNDA:8,(anonymous_2)
FNDA:48,(anonymous_3)
DA:2,2
DA:3,0
DA:4,0
DA:5,0
DA:7,0
DA:10,2
DA:12,2
DA:13,0
DA:16,2
DA:18,8
DA:19,48
DA:20,0
DA:24,8
DA:25,8
DA:26,8
DA:27,8
DA:28,8
DA:29,8
DA:30,0
DA:36,2
LF:20
LH:13
BRDA:3,0,0,0
BRDA:3,0,1,0
BRDA:12,1,0,0
BRDA:12,1,1,2
BRDA:12,2,0,2
BRDA:12,2,1,0
BRDA:16,3,0,2
BRDA:16,3,1,2
BRDA:19,4,0,0
BRDA:19,4,1,48
BRDA:19,5,0,48
BRDA:19,5,1,48
BRDA:29,6,0,0
BRDA:29,6,1,8
BRF:14
BRH:8
end_of_record
TN:
SF:src\routes\v1\airport.route.js
FNF:0
FNH:0
DA:1,1
DA:2,1
DA:3,1
DA:4,1
DA:6,1
DA:11,1
DA:17,1
LF:7
LH:7
BRF:0
BRH:0
end_of_record
TN:
SF:src\routes\v1\index.js
FN:13,(anonymous_0)
FNF:1
FNH:1
FNDA:1,(anonymous_0)
DA:1,1
DA:2,1
DA:4,1
DA:6,1
DA:13,1
DA:14,1
DA:17,1
LF:7
LH:7
BRF:0
BRH:0
end_of_record
TN:
SF:src\services\airport.service.js
FN:4,(anonymous_0)
FN:9,(anonymous_1)
FN:14,(anonymous_2)
FN:19,(anonymous_3)
FN:24,(anonymous_4)
FNF:5
FNH:5
FNDA:1,(anonymous_0)
FNDA:2,(anonymous_1)
FNDA:1,(anonymous_2)
FNDA:1,(anonymous_3)
FNDA:1,(anonymous_4)
DA:1,1
DA:2,1
DA:4,1
DA:5,1
DA:6,1
DA:9,1
DA:10,2
DA:11,1
DA:14,1
DA:15,1
DA:16,1
DA:19,1
DA:20,1
DA:21,1
DA:24,1
DA:25,1
DA:26,1
DA:29,1
LF:18
LH:18
BRF:0
BRH:0
end_of_record
TN:
SF:src\services\index.js
FNF:0
FNH:0
DA:1,1
LF:1
LH:1
BRF:0
BRH:0
end_of_record
TN:
SF:src\utils\ApiError.js
FN:2,(anonymous_0)
FNF:1
FNH:1
FNDA:3,(anonymous_0)
DA:3,3
DA:4,3
DA:5,3
DA:6,3
DA:7,1
DA:9,2
DA:14,1
LF:7
LH:7
BRDA:2,0,0,2
BRDA:2,1,0,2
BRDA:6,2,0,1
BRDA:6,2,1,2
BRF:4
BRH:4
end_of_record
TN:
SF:src\utils\catchAsync.js
FN:1,(anonymous_0)
FN:1,(anonymous_1)
FN:2,(anonymous_2)
FNF:3
FNH:3
FNDA:5,(anonymous_0)
FNDA:6,(anonymous_1)
FNDA:1,(anonymous_2)
DA:1,5
DA:2,6
DA:5,1
LF:3
LH:3
BRF:0
BRH:0
end_of_record
TN:
SF:src\utils\formatter.js
FN:1,(anonymous_0)
FNF:1
FNH:1
FNDA:5,(anonymous_0)
DA:1,1
DA:2,5
DA:8,1
LF:3
LH:3
BRF:0
BRH:0
end_of_record
TN:
SF:src\utils\pick.js
FN:7,(anonymous_0)
FN:8,(anonymous_1)
FNF:2
FNH:2
FNDA:14,(anonymous_0)
FNDA:29,(anonymous_1)
DA:7,1
DA:8,14
DA:9,29
DA:11,16
DA:13,29
DA:17,1
LF:6
LH:6
BRDA:9,0,0,16
BRDA:9,0,1,13
BRDA:9,1,0,29
BRDA:9,1,1,29
BRF:4
BRH:4
end_of_record
TN:
SF:src\validations\airport.validation.js
FNF:0
FNH:0
DA:1,1
DA:2,1
DA:4,1
DA:13,1
DA:24,1
DA:30,1
DA:44,1
DA:50,1
LF:8
LH:8
BRF:0
BRH:0
end_of_record
TN:
SF:src\validations\custom.validation.js
FN:1,(anonymous_0)
FNF:1
FNH:1
FNDA:3,(anonymous_0)
DA:1,1
DA:2,3
DA:3,0
DA:5,3
DA:8,1
LF:5
LH:4
BRDA:2,0,0,0
BRDA:2,0,1,3
BRF:2
BRH:1
end_of_record
